/*C2*/SET SCHEMA PUBLIC
SET SCHEMA "PUBLIC"
INSERT INTO EVENTS VALUES('5318aeef-7ebb-46ff-a826-3980afa29948','Formula 1','Evento pra garela de F1','formula1',500)
COMMIT
INSERT INTO ATTENDEES VALUES('909a4426-4b1a-4486-a1d8-260ecc30c0b8','Ayrton Senna','ayrton.senna@email.com','5318aeef-7ebb-46ff-a826-3980afa29948','2024-04-09 21:22:45.083448')
COMMIT
INSERT INTO ATTENDEES VALUES('2d10f14b-bd04-413e-9d39-ea3365ec98bb','Lewis Hamilton','lewis.hamilton@email.com','5318aeef-7ebb-46ff-a826-3980afa29948','2024-04-09 21:25:55.062855')
COMMIT
INSERT INTO ATTENDEES VALUES('2207dc9f-9965-477a-808d-e7326fcd5bf5','Max Verstappen','max.verstappen@email.com','5318aeef-7ebb-46ff-a826-3980afa29948','2024-04-09 21:26:15.418388')
COMMIT
INSERT INTO ATTENDEES VALUES('9e09b0aa-d376-4883-899e-3d01a3d328c0','Valtteri Bottas','valtteri.bottas@email.com','5318aeef-7ebb-46ff-a826-3980afa29948','2024-04-09 21:26:21.405199')
COMMIT
INSERT INTO ATTENDEES VALUES('e03c139a-1d0e-4ced-9fe0-6219bd587a73','Charles Leclerc','charles.leclerc@email.com','5318aeef-7ebb-46ff-a826-3980afa29948','2024-04-09 21:26:24.532720')
COMMIT
INSERT INTO ATTENDEES VALUES('eabf779d-483f-4574-a5ae-26ceecfbe19f','Daniel Ricciardo','daniel.ricciardo@email.com','5318aeef-7ebb-46ff-a826-3980afa29948','2024-04-09 21:26:29.918318')
COMMIT
INSERT INTO ATTENDEES VALUES('244d8842-e626-48b3-ae5a-500910f8c63b','Sergio Perez','sergio.perez@email.com','5318aeef-7ebb-46ff-a826-3980afa29948','2024-04-09 21:26:33.898948')
COMMIT
INSERT INTO ATTENDEES VALUES('86849274-1835-4c1d-83c0-58e31e812f15','Lando Norris','lando.norris@email.com','5318aeef-7ebb-46ff-a826-3980afa29948','2024-04-09 21:26:44.118186')
COMMIT
INSERT INTO ATTENDEES VALUES('8becf0e3-08b1-40dd-8d24-f824f9fedbe0','Carlos Sainz','carlos.sainz@email.com','5318aeef-7ebb-46ff-a826-3980afa29948','2024-04-09 21:26:48.918947')
COMMIT
INSERT INTO ATTENDEES VALUES('34566478-c36b-457a-a054-89f0dec140e4','Fernando Alonso','fernando.alonso@email.com','5318aeef-7ebb-46ff-a826-3980afa29948','2024-04-09 21:26:52.465448')
COMMIT
INSERT INTO ATTENDEES VALUES('afccc3fb-8933-4ed7-b338-62f88737077d','Esteban Ocon','esteban.ocon@email.com','5318aeef-7ebb-46ff-a826-3980afa29948','2024-04-09 21:26:58.357781')
COMMIT
INSERT INTO ATTENDEES VALUES('9228e929-4a3e-49ba-b0dd-579fdd9653b3','Pierre Gasly','pierre.gasly@email.com','5318aeef-7ebb-46ff-a826-3980afa29948','2024-04-09 21:27:01.948092')
COMMIT
INSERT INTO ATTENDEES VALUES('ce4cf6ae-97a9-4e2d-ab03-ac39b04fd3c1','Sebastian Vettel','sebastian.vettel@email.com','5318aeef-7ebb-46ff-a826-3980afa29948','2024-04-09 21:27:05.126491')
COMMIT
INSERT INTO ATTENDEES VALUES('fb17e098-86b5-41d9-8058-bd2fdc12a6cd','Lance Stroll','lance.stroll@email.com','5318aeef-7ebb-46ff-a826-3980afa29948','2024-04-09 21:27:08.238725')
COMMIT
INSERT INTO ATTENDEES VALUES('7dfc7197-a27b-4586-8b4b-795d6c6f2a2b','Yuki Tsunoda','yuki.tsunoda@email.com','5318aeef-7ebb-46ff-a826-3980afa29948','2024-04-09 21:27:11.565622')
COMMIT
INSERT INTO ATTENDEES VALUES('bb4b82c7-35ec-44a3-87a3-d995cb42065f','Kimi R\u00e4ikk\u00f6nen','kimi.raikkonen@email.com','5318aeef-7ebb-46ff-a826-3980afa29948','2024-04-09 21:27:21.303496')
COMMIT
INSERT INTO ATTENDEES VALUES('8466d8c2-2ce2-42da-a1b8-24581f75b512','Antonio Giovinazzi','antonio.giovinazzi@email.com','5318aeef-7ebb-46ff-a826-3980afa29948','2024-04-09 21:27:23.828568')
COMMIT
INSERT INTO ATTENDEES VALUES('493b945f-ec48-4b45-aca5-2d6e98c0e750','Nicholas Latifi','nicholas.latifi@email.com','5318aeef-7ebb-46ff-a826-3980afa29948','2024-04-09 21:27:26.767899')
COMMIT
INSERT INTO ATTENDEES VALUES('1dfcbefd-dbec-40c5-8938-e1b707f60fa2','Nikita Mazepin','nikita.mazepin@email.com','5318aeef-7ebb-46ff-a826-3980afa29948','2024-04-09 21:27:30.116103')
COMMIT
INSERT INTO ATTENDEES VALUES('d9310ce5-bb63-4a75-b2dc-2a95cb496956','Mick Schumacher','mick.schumacher@email.com','5318aeef-7ebb-46ff-a826-3980afa29948','2024-04-09 21:27:32.911947')
COMMIT
INSERT INTO ATTENDEES VALUES('83e14651-3a0d-4065-abff-b16c98c41555','George Russell','george.russell@email.com','5318aeef-7ebb-46ff-a826-3980afa29948','2024-04-09 21:27:35.665768')
COMMIT
INSERT INTO CHECK_INS VALUES(4,'2024-04-09 21:28:38.034785','909a4426-4b1a-4486-a1d8-260ecc30c0b8')
COMMIT
